Using pre-set license
Built from '2020.3/release' branch; Version is '2020.3.2f1 (8fd9074bf66c) revision 9427207'; Using compiler version '192528614'; Build Type 'Release'
OS: 'Windows 10 Home; OS build 19043.1237; Version 2009; 64bit' Language: 'fr' Physical Memory: 32709 MB
BatchMode: 1, IsHumanControllingUs: 0, StartBugReporterOnCrash: 0, Is64bit: 1, IsPro: 0

 COMMAND LINE ARGUMENTS:
D:\Logiciels\Unity\2020.3.2f1\Editor\Unity.exe
-adb2
-batchMode
-noUpm
-name
AssetImportWorker0
-projectPath
D:/Repos/Touhou MMO
-logFile
Logs/AssetImportWorker0.log
-srvPort
63807
Successfully changed project path to: D:/Repos/Touhou MMO
D:/Repos/Touhou MMO
Using Asset Import Pipeline V2.
Refreshing native plugins compatible for Editor in 33.52 ms, found 1 plugins.
Preloading 0 native plugins for Editor in 0.00 ms.
Initialize engine version: 2020.3.2f1 (8fd9074bf66c)
[Subsystems] Discovering subsystems at path D:/Logiciels/Unity/2020.3.2f1/Editor/Data/Resources/UnitySubsystems
[Subsystems] Discovering subsystems at path D:/Repos/Touhou MMO/Assets
GfxDevice: creating device client; threaded=0
Direct3D:
    Version:  Direct3D 11.0 [level 11.1]
    Renderer: NVIDIA GeForce GTX 1060 6GB (ID=0x1c03)
    Vendor:   
    VRAM:     6052 MB
    Driver:   27.21.14.6611
Initialize mono
Mono path[0] = 'D:/Logiciels/Unity/2020.3.2f1/Editor/Data/Managed'
Mono path[1] = 'D:/Logiciels/Unity/2020.3.2f1/Editor/Data/MonoBleedingEdge/lib/mono/unityjit'
Mono config path = 'D:/Logiciels/Unity/2020.3.2f1/Editor/Data/MonoBleedingEdge/etc'
Using monoOptions --debugger-agent=transport=dt_socket,embedding=1,server=y,suspend=n,address=127.0.0.1:56712
Begin MonoManager ReloadAssembly
Registering precompiled unity dll's ...
Register platform support module: D:/Logiciels/Unity/2020.3.2f1/Editor/Data/PlaybackEngines/WindowsStandaloneSupport/UnityEditor.WindowsStandalone.Extensions.dll
Registered in 0.001649 seconds.
Native extension for WindowsStandalone target not found
Refreshing native plugins compatible for Editor in 31.57 ms, found 1 plugins.
Preloading 0 native plugins for Editor in 0.00 ms.
Invoked RoslynAnalysisRunner static constructor.
RoslynAnalysisRunner will not be running.
RoslynAnalysisRunner has terminated.
Mono: successfully reloaded assembly
- Completed reload, in  1.347 seconds
Platform modules already initialized, skipping
Registering precompiled user dll's ...
Registered in 0.001028 seconds.
Begin MonoManager ReloadAssembly
Native extension for WindowsStandalone target not found
Refreshing native plugins compatible for Editor in 34.41 ms, found 1 plugins.
Preloading 0 native plugins for Editor in 0.00 ms.
Invoked RoslynAnalysisRunner static constructor.
RoslynAnalysisRunner will not be running.
RoslynAnalysisRunner has terminated.
Mono: successfully reloaded assembly
- Completed reload, in  0.936 seconds
Platform modules already initialized, skipping
========================================================================
Worker process is ready to serve import requests
Launched and connected shader compiler UnityShaderCompiler.exe after 0.04 seconds
Refreshing native plugins compatible for Editor in 0.55 ms, found 1 plugins.
Preloading 0 native plugins for Editor in 0.00 ms.
Unloading 1890 Unused Serialized files (Serialized files now loaded: 0)
System memory in use before: 87.0 MB.
System memory in use after: 87.1 MB.

Unloading 19 unused Assets to reduce memory usage. Loaded Objects now: 2341.
Total: 3.903900 ms (FindLiveObjects: 0.334600 ms CreateObjectMapping: 0.215100 ms MarkObjects: 3.230500 ms  DeleteObjects: 0.122200 ms)

========================================================================
Received Import Request.
  path: Assets/Scripts/Statics.cs
  artifactKey: Guid(d15f4497e0705c84080f713925073cbd) Importer(815301076,1909f56bfc062723c751e8b465ee728b)
Start importing Assets/Scripts/Statics.cs using Guid(d15f4497e0705c84080f713925073cbd) Importer(815301076,1909f56bfc062723c751e8b465ee728b)  -> (artifact id: '591df752733427d33b20d71b232742dc') in 0.084720 seconds
  Import took 0.092601 seconds .

========================================================================
Received Import Request.
  Time since last request: 111.336645 seconds.
  path: Assets/UnitTesting
  artifactKey: Guid(f4dafb333f035954299b1ed07c16ff87) Importer(815301076,1909f56bfc062723c751e8b465ee728b)
Start importing Assets/UnitTesting using Guid(f4dafb333f035954299b1ed07c16ff87) Importer(815301076,1909f56bfc062723c751e8b465ee728b)  -> (artifact id: '288c5e4c6b8aa5a4648b1b9dfd3b2065') in 0.008461 seconds
  Import took 0.013264 seconds .

========================================================================
Received Import Request.
  Time since last request: 7.206996 seconds.
  path: Assets
  artifactKey: Guid(00000000000000001000000000000000) Importer(815301076,1909f56bfc062723c751e8b465ee728b)
Start importing Assets using Guid(00000000000000001000000000000000) Importer(815301076,1909f56bfc062723c751e8b465ee728b)  -> (artifact id: '819a33a9bd799f71faca6db75e8a216c') in 0.009144 seconds
  Import took 0.012837 seconds .

========================================================================
Received Import Request.
  Time since last request: 7.139210 seconds.
  path: Assets/Tests
  artifactKey: Guid(b66bc14eeb26a7a4b8c8b2b3e2ebaff5) Importer(815301076,1909f56bfc062723c751e8b465ee728b)
Start importing Assets/Tests using Guid(b66bc14eeb26a7a4b8c8b2b3e2ebaff5) Importer(815301076,1909f56bfc062723c751e8b465ee728b)  -> (artifact id: '04da4d743b819c2f4cd7ed6309a819de') in 0.008480 seconds
  Import took 0.013363 seconds .

========================================================================
Received Prepare
Registering precompiled user dll's ...
Registered in 0.001127 seconds.
Begin MonoManager ReloadAssembly
Native extension for WindowsStandalone target not found
Refreshing native plugins compatible for Editor in 0.41 ms, found 1 plugins.
Preloading 0 native plugins for Editor in 0.00 ms.
Invoked RoslynAnalysisRunner static constructor.
RoslynAnalysisRunner will not be running.
RoslynAnalysisRunner has terminated.
Mono: successfully reloaded assembly
- Completed reload, in  0.838 seconds
Platform modules already initialized, skipping
Refreshing native plugins compatible for Editor in 0.36 ms, found 1 plugins.
Preloading 0 native plugins for Editor in 0.00 ms.
Unloading 1880 Unused Serialized files (Serialized files now loaded: 0)
System memory in use before: 86.5 MB.
System memory in use after: 86.6 MB.

Unloading 8 unused Assets to reduce memory usage. Loaded Objects now: 2344.
Total: 1.969500 ms (FindLiveObjects: 0.207100 ms CreateObjectMapping: 0.072300 ms MarkObjects: 1.646800 ms  DeleteObjects: 0.041900 ms)

========================================================================
Received Import Request.
  Time since last request: 25.027101 seconds.
  path: Assets/Tests/Tests.asmdef
  artifactKey: Guid(a8c2ee97c804b6d40806e2a6d8ddca31) Importer(815301076,1909f56bfc062723c751e8b465ee728b)
Start importing Assets/Tests/Tests.asmdef using Guid(a8c2ee97c804b6d40806e2a6d8ddca31) Importer(815301076,1909f56bfc062723c751e8b465ee728b)  -> (artifact id: '15c69e82234041393126351621e4d676') in 0.014674 seconds
  Import took 0.017763 seconds .

========================================================================
Received Import Request.
  Time since last request: 22.335015 seconds.
  path: Assets/Tests/ItemGenerationTest.cs
  artifactKey: Guid(866409b5bf03b4442804911094c54191) Importer(815301076,1909f56bfc062723c751e8b465ee728b)
Start importing Assets/Tests/ItemGenerationTest.cs using Guid(866409b5bf03b4442804911094c54191) Importer(815301076,1909f56bfc062723c751e8b465ee728b)  -> (artifact id: '17f07a4fdb42aa147f482e6e7cdfa2d2') in 0.008341 seconds
  Import took 0.012782 seconds .

========================================================================
Received Prepare
Registering precompiled user dll's ...
Registered in 0.001129 seconds.
Begin MonoManager ReloadAssembly
Native extension for WindowsStandalone target not found
Refreshing native plugins compatible for Editor in 0.38 ms, found 1 plugins.
Preloading 0 native plugins for Editor in 0.00 ms.
Invoked RoslynAnalysisRunner static constructor.
RoslynAnalysisRunner will not be running.
RoslynAnalysisRunner has terminated.
Mono: successfully reloaded assembly
- Completed reload, in  0.871 seconds
Platform modules already initialized, skipping
Refreshing native plugins compatible for Editor in 0.39 ms, found 1 plugins.
Preloading 0 native plugins for Editor in 0.00 ms.
Unloading 1881 Unused Serialized files (Serialized files now loaded: 0)
System memory in use before: 86.6 MB.
System memory in use after: 86.7 MB.

Unloading 8 unused Assets to reduce memory usage. Loaded Objects now: 2348.
Total: 2.015800 ms (FindLiveObjects: 0.192700 ms CreateObjectMapping: 0.063200 ms MarkObjects: 1.714700 ms  DeleteObjects: 0.044600 ms)

========================================================================
Received Import Request.
  Time since last request: 212.998559 seconds.
  path: Assets/Tests/ItemGenerationTest.cs
  artifactKey: Guid(866409b5bf03b4442804911094c54191) Importer(815301076,1909f56bfc062723c751e8b465ee728b)
Start importing Assets/Tests/ItemGenerationTest.cs using Guid(866409b5bf03b4442804911094c54191) Importer(815301076,1909f56bfc062723c751e8b465ee728b)  -> (artifact id: 'f107e5ca621d204fead0e5ac11ceb933') in 0.007196 seconds
  Import took 0.011035 seconds .

========================================================================
Received Import Request.
  Time since last request: 140.404762 seconds.
  path: Assets/Tests/ItemGenerationTest.cs
  artifactKey: Guid(866409b5bf03b4442804911094c54191) Importer(815301076,1909f56bfc062723c751e8b465ee728b)
Start importing Assets/Tests/ItemGenerationTest.cs using Guid(866409b5bf03b4442804911094c54191) Importer(815301076,1909f56bfc062723c751e8b465ee728b)  -> (artifact id: '296814942abce61d59ac79d6a42c15ae') in 0.004066 seconds
  Import took 0.008266 seconds .

========================================================================
Received Prepare
Registering precompiled user dll's ...
Registered in 0.000968 seconds.
Begin MonoManager ReloadAssembly
Native extension for WindowsStandalone target not found
Refreshing native plugins compatible for Editor in 0.35 ms, found 1 plugins.
Preloading 0 native plugins for Editor in 0.00 ms.
Invoked RoslynAnalysisRunner static constructor.
RoslynAnalysisRunner will not be running.
RoslynAnalysisRunner has terminated.
Mono: successfully reloaded assembly
- Completed reload, in  0.833 seconds
Platform modules already initialized, skipping
Refreshing native plugins compatible for Editor in 0.47 ms, found 1 plugins.
Preloading 0 native plugins for Editor in 0.00 ms.
Unloading 1878 Unused Serialized files (Serialized files now loaded: 0)
System memory in use before: 86.5 MB.
System memory in use after: 86.6 MB.

Unloading 8 unused Assets to reduce memory usage. Loaded Objects now: 2351.
Total: 1.892900 ms (FindLiveObjects: 0.203600 ms CreateObjectMapping: 0.065300 ms MarkObjects: 1.590100 ms  DeleteObjects: 0.033300 ms)

========================================================================
Received Prepare
Registering precompiled user dll's ...
Registered in 0.001469 seconds.
Begin MonoManager ReloadAssembly
Native extension for WindowsStandalone target not found
Refreshing native plugins compatible for Editor in 0.35 ms, found 1 plugins.
Preloading 0 native plugins for Editor in 0.00 ms.
Invoked RoslynAnalysisRunner static constructor.
RoslynAnalysisRunner will not be running.
RoslynAnalysisRunner has terminated.
Mono: successfully reloaded assembly
- Completed reload, in  0.861 seconds
Platform modules already initialized, skipping
Refreshing native plugins compatible for Editor in 0.35 ms, found 1 plugins.
Preloading 0 native plugins for Editor in 0.00 ms.
Unloading 1878 Unused Serialized files (Serialized files now loaded: 0)
System memory in use before: 86.5 MB.
System memory in use after: 86.7 MB.

Unloading 8 unused Assets to reduce memory usage. Loaded Objects now: 2354.
Total: 2.125800 ms (FindLiveObjects: 0.266800 ms CreateObjectMapping: 0.085300 ms MarkObjects: 1.730300 ms  DeleteObjects: 0.042500 ms)

========================================================================
Received Import Request.
  Time since last request: 1997.150305 seconds.
  path: Assets/Scripts/UI/UIEquipments.cs
  artifactKey: Guid(58a59fdc38bc64448bbb2a3d6015ce4a) Importer(815301076,1909f56bfc062723c751e8b465ee728b)
Start importing Assets/Scripts/UI/UIEquipments.cs using Guid(58a59fdc38bc64448bbb2a3d6015ce4a) Importer(815301076,1909f56bfc062723c751e8b465ee728b)  -> (artifact id: '830bf3b69844e592d0c4e44abb0dceaf') in 0.010302 seconds
  Import took 0.014218 seconds .

========================================================================
Received Prepare
Registering precompiled user dll's ...
Registered in 0.000943 seconds.
Begin MonoManager ReloadAssembly
Native extension for WindowsStandalone target not found
Refreshing native plugins compatible for Editor in 0.40 ms, found 1 plugins.
Preloading 0 native plugins for Editor in 0.00 ms.
Invoked RoslynAnalysisRunner static constructor.
RoslynAnalysisRunner will not be running.
RoslynAnalysisRunner has terminated.
Mono: successfully reloaded assembly
- Completed reload, in  0.857 seconds
Platform modules already initialized, skipping
Refreshing native plugins compatible for Editor in 0.36 ms, found 1 plugins.
Preloading 0 native plugins for Editor in 0.00 ms.
Unloading 1878 Unused Serialized files (Serialized files now loaded: 0)
System memory in use before: 86.6 MB.
System memory in use after: 86.7 MB.

Unloading 8 unused Assets to reduce memory usage. Loaded Objects now: 2357.
Total: 1.880400 ms (FindLiveObjects: 0.261800 ms CreateObjectMapping: 0.061000 ms MarkObjects: 1.528400 ms  DeleteObjects: 0.028500 ms)

AssetImportWorkerClient::OnTransportError - code=2 error=End of file
